<?xml version="1.0" encoding="UTF-8"?>
<!-- Generated by org.testng.reporters.JUnitXMLReporter -->
<testsuite ignored="0" hostname="DESKTOP-353CMR5" failures="0" tests="7" name="Default test" time="50.628" errors="0" timestamp="2025-06-09T10:37:30 MYT">
  <testcase classname="DashboardTestCase.TC0001_DashboardTest" name="verifytimeTitle" time="3.331"/>
  <testcase classname="DashboardTestCase.TC0001_DashboardTest" name="verifyactionTitle" time="2.364"/>
  <testcase classname="DashboardTestCase.TC0001_DashboardTest" name="verifylaunchTitle" time="2.875"/>
  <testcase classname="DashboardTestCase.TC0001_DashboardTest" name="verifyBuzzTitle" time="2.589"/>
  <testcase classname="DashboardTestCase.TC0001_DashboardTest" name="verifyOnleaveTitle" time="2.956"/>
  <testcase classname="DashboardTestCase.TC0001_DashboardTest" name="verifysubunitTitle" time="2.939"/>
  <testcase classname="DashboardTestCase.TC0001_DashboardTest" name="verifylocationTitle" time="2.351"/>
</testsuite> <!-- Default test -->
