<?xml version="1.0" encoding="UTF-8"?>
<!-- Generated by org.testng.reporters.JUnitXMLReporter -->
<testsuite ignored="23" hostname="DESKTOP-353CMR5" failures="2" tests="8" name="Test" time="97.268" errors="0" timestamp="2025-11-01T23:50:31 MYT">
  <testcase classname="LoginTestCases.TC0001_LoginTest" name="loginTest" time="4.327"/>
  <testcase classname="LoginTestCases.TC0001_LoginTest" name="loginTest" time="11.77">
    <failure type="java.lang.AssertionError" message="null">
      <![CDATA[java.lang.AssertionError: null
at LoginTestCases.TC0001_LoginTest.loginTest(TC0001_LoginTest.java:36)
at java.base/java.util.ArrayList.forEach(ArrayList.java:1596)
... Removed 27 stack frames]]>
    </failure>
  </testcase> <!-- loginTest -->
  <testcase classname="LoginTestCases.TC0001_LoginTest" name="loginTest" time="11.689">
    <failure type="java.lang.AssertionError" message="null">
      <![CDATA[java.lang.AssertionError: null
at LoginTestCases.TC0001_LoginTest.loginTest(TC0001_LoginTest.java:36)
at java.base/java.util.ArrayList.forEach(ArrayList.java:1596)
... Removed 27 stack frames]]>
    </failure>
  </testcase> <!-- loginTest -->
  <testcase classname="LoginTestCases.TC0001_LoginTest" name="loginTest" time="4.769"/>
  <testcase classname="LoginTestCases.TC0002_LoginTest" name="checkLoginLogoTest" time="0.08"/>
  <testcase classname="LoginTestCases.TC0003_LoginTest" name="LogoutTest" time="5.621"/>
  <testcase classname="LoginTestCases.TC0004_LoginTest" name="verifyConfirmErrorMessage" time="4.006"/>
  <testcase classname="LoginTestCases.TC0004_LoginTest" name="verifyCurrentErrorMessage" time="7.094"/>
  <testcase classname="MyInfoTestCases.TC0001_MyInfoTest" name="navigateCntctPge" time="0.0">
    <ignored/>
  </testcase> <!-- navigateCntctPge -->
  <testcase classname="MyInfoTestCases.TC0001_MyInfoTest" name="navigateEmrgncyPge" time="0.0">
    <ignored/>
  </testcase> <!-- navigateEmrgncyPge -->
  <testcase classname="MyInfoTestCases.TC0002_MyInfoTest" name="changenationality" time="0.0">
    <ignored/>
  </testcase> <!-- changenationality -->
  <testcase classname="MyInfoTestCases.TC0002_MyInfoTest" name="changeadminname" time="0.0">
    <ignored/>
  </testcase> <!-- changeadminname -->
  <testcase classname="MyInfoTestCases.TC0003_MyInfoTest" name="verifycalendarmonthlicense" time="0.0">
    <ignored/>
  </testcase> <!-- verifycalendarmonthlicense -->
  <testcase classname="DashboardTestCase.TC0001_DashboardTest" name="verifysubunitTitle" time="0.0">
    <ignored/>
  </testcase> <!-- verifysubunitTitle -->
  <testcase classname="DashboardTestCase.TC0001_DashboardTest" name="verifylocationTitle" time="0.0">
    <ignored/>
  </testcase> <!-- verifylocationTitle -->
  <testcase classname="MyInfoTestCases.TC0002_MyInfoTest" name="setGender" time="0.0">
    <ignored/>
  </testcase> <!-- setGender -->
  <testcase classname="MyInfoTestCases.TC0001_MyInfoTest" name="navigateQualificationPge" time="0.0">
    <ignored/>
  </testcase> <!-- navigateQualificationPge -->
  <testcase classname="MyInfoTestCases.TC0001_MyInfoTest" name="navigateSalaryPge" time="0.0">
    <ignored/>
  </testcase> <!-- navigateSalaryPge -->
  <testcase classname="MyInfoTestCases.TC0003_MyInfoTest" name="verifyyearlicense" time="0.0">
    <ignored/>
  </testcase> <!-- verifyyearlicense -->
  <testcase classname="DashboardTestCase.TC0001_DashboardTest" name="verifytimeTitle" time="0.0">
    <ignored/>
  </testcase> <!-- verifytimeTitle -->
  <testcase classname="MyInfoTestCases.TC0002_MyInfoTest" name="changeLicenseDate" time="0.0">
    <ignored/>
  </testcase> <!-- changeLicenseDate -->
  <testcase classname="DashboardTestCase.TC0001_DashboardTest" name="verifylaunchTitle" time="0.0">
    <ignored/>
  </testcase> <!-- verifylaunchTitle -->
  <testcase classname="MyInfoTestCases.TC0001_MyInfoTest" name="navigateReportPge" time="0.0">
    <ignored/>
  </testcase> <!-- navigateReportPge -->
  <testcase classname="MyInfoTestCases.TC0001_MyInfoTest" name="navigateDependantPge" time="0.0">
    <ignored/>
  </testcase> <!-- navigateDependantPge -->
  <testcase classname="DashboardTestCase.TC0001_DashboardTest" name="verifyOnleaveTitle" time="0.0">
    <ignored/>
  </testcase> <!-- verifyOnleaveTitle -->
  <testcase classname="MyInfoTestCases.TC0001_MyInfoTest" name="navigateImigrationPge" time="0.0">
    <ignored/>
  </testcase> <!-- navigateImigrationPge -->
  <testcase classname="MyInfoTestCases.TC0001_MyInfoTest" name="navigateJobPge" time="0.0">
    <ignored/>
  </testcase> <!-- navigateJobPge -->
  <testcase classname="MyInfoTestCases.TC0001_MyInfoTest" name="navigateMmbershipPge" time="0.0">
    <ignored/>
  </testcase> <!-- navigateMmbershipPge -->
  <testcase classname="DashboardTestCase.TC0001_DashboardTest" name="verifyBuzzTitle" time="0.0">
    <ignored/>
  </testcase> <!-- verifyBuzzTitle -->
  <testcase classname="MyInfoTestCases.TC0001_MyInfoTest" name="navigatePrsnlPage" time="0.0">
    <ignored/>
  </testcase> <!-- navigatePrsnlPage -->
  <testcase classname="DashboardTestCase.TC0001_DashboardTest" name="verifyactionTitle" time="0.0">
    <ignored/>
  </testcase> <!-- verifyactionTitle -->
</testsuite> <!-- Test -->
