<?xml version="1.0" encoding="UTF-8"?>
<!-- Generated by org.testng.reporters.JUnitReportReporter -->
<testsuite hostname="DESKTOP-353CMR5" failures="0" tests="7" name="DashboardTestCase.TC0001_DashboardTest" time="46.806" errors="0" timestamp="2025-08-02T02:04:54 MYT" skipped="0">
  <testcase classname="DashboardTestCase.TC0001_DashboardTest" name="verifytimeTitle" time="6.838"/>
  <testcase classname="DashboardTestCase.TC0001_DashboardTest" name="verifyactionTitle" time="6.182"/>
  <testcase classname="DashboardTestCase.TC0001_DashboardTest" name="verifylaunchTitle" time="6.698"/>
  <testcase classname="DashboardTestCase.TC0001_DashboardTest" name="verifyBuzzTitle" time="5.764"/>
  <testcase classname="DashboardTestCase.TC0001_DashboardTest" name="verifyOnleaveTitle" time="7.417"/>
  <testcase classname="DashboardTestCase.TC0001_DashboardTest" name="verifysubunitTitle" time="7.446"/>
  <testcase classname="DashboardTestCase.TC0001_DashboardTest" name="verifylocationTitle" time="6.461"/>
</testsuite> <!-- DashboardTestCase.TC0001_DashboardTest -->
