<?xml version="1.0" encoding="UTF-8"?>
<!-- Generated by org.testng.reporters.JUnitReportReporter -->
<testsuite hostname="DESKTOP-353CMR5" failures="0" tests="2" name="LoginTestCases.TC0004_LoginTest" time="13.878" errors="0" timestamp="2025-11-01T23:50:33 MYT" skipped="0">
  <testcase classname="LoginTestCases.TC0004_LoginTest" name="verifyConfirmErrorMessage" time="5.735"/>
  <testcase classname="LoginTestCases.TC0004_LoginTest" name="verifyCurrentErrorMessage" time="8.143"/>
</testsuite> <!-- LoginTestCases.TC0004_LoginTest -->
